<?xml version="1.0" encoding="UTF-8"?>
<testsuite name="com.example.basicpjt.util.JWTUtilTests" tests="1" skipped="0" failures="0" errors="0" timestamp="2023-12-25T13:27:32" hostname="choeseungjun-ui-MacBookPro.local" time="0.335">
  <properties/>
  <testcase name="testGenerate()" classname="com.example.basicpjt.util.JWTUtilTests" time="0.335"/>
  <system-out><![CDATA[22:27:29.526 [Test worker] INFO org.springframework.test.context.support.AnnotationConfigContextLoaderUtils -- Could not detect default configuration classes for test class [com.example.basicpjt.util.JWTUtilTests]: JWTUtilTests does not declare any static, non-private, non-final, nested classes annotated with @Configuration.
22:27:29.572 [Test worker] INFO org.springframework.boot.test.context.SpringBootTestContextBootstrapper -- Found @SpringBootConfiguration com.example.basicpjt.BasicPjtApplication for test class com.example.basicpjt.util.JWTUtilTests

  .   ____          _            __ _ _
 /\\ / ___'_ __ _ _(_)_ __  __ _ \ \ \ \
( ( )\___ | '_ | '_| | '_ \/ _` | \ \ \ \
 \\/  ___)| |_)| | | | | || (_| |  ) ) ) )
  '  |____| .__|_| |_|_| |_\__, | / / / /
 =========|_|==============|___/=/_/_/_/
 :: Spring Boot ::                (v3.2.0)

2023-12-25T22:27:29.738+09:00  INFO 24318 --- [    Test worker] com.example.basicpjt.util.JWTUtilTests   : Starting JWTUtilTests using Java 17.0.8 with PID 24318 (started by choi in /Users/choi/IdeaProjects/BasicPJT)
2023-12-25T22:27:29.739+09:00  INFO 24318 --- [    Test worker] com.example.basicpjt.util.JWTUtilTests   : No active profile set, falling back to 1 default profile: "default"
2023-12-25T22:27:30.075+09:00  INFO 24318 --- [    Test worker] .s.d.r.c.RepositoryConfigurationDelegate : Multiple Spring Data modules found, entering strict repository configuration mode
2023-12-25T22:27:30.076+09:00  INFO 24318 --- [    Test worker] .s.d.r.c.RepositoryConfigurationDelegate : Bootstrapping Spring Data JPA repositories in DEFAULT mode.
2023-12-25T22:27:30.138+09:00  INFO 24318 --- [    Test worker] .RepositoryConfigurationExtensionSupport : Spring Data JPA - Could not safely identify store assignment for repository candidate interface com.example.basicpjt.repository.RefreshTokenRepository; If you want this repository to be a JPA repository, consider annotating your entities with one of these annotations: jakarta.persistence.Entity, jakarta.persistence.MappedSuperclass (preferred), or consider extending one of the following types with your repository: org.springframework.data.jpa.repository.JpaRepository
2023-12-25T22:27:30.148+09:00  INFO 24318 --- [    Test worker] .s.d.r.c.RepositoryConfigurationDelegate : Finished Spring Data repository scanning in 68 ms. Found 3 JPA repository interfaces.
2023-12-25T22:27:30.154+09:00  INFO 24318 --- [    Test worker] .s.d.r.c.RepositoryConfigurationDelegate : Multiple Spring Data modules found, entering strict repository configuration mode
2023-12-25T22:27:30.154+09:00  INFO 24318 --- [    Test worker] .s.d.r.c.RepositoryConfigurationDelegate : Bootstrapping Spring Data Redis repositories in DEFAULT mode.
2023-12-25T22:27:30.161+09:00  INFO 24318 --- [    Test worker] .RepositoryConfigurationExtensionSupport : Spring Data Redis - Could not safely identify store assignment for repository candidate interface com.example.basicpjt.repository.BoardRepository; If you want this repository to be a Redis repository, consider annotating your entities with one of these annotations: org.springframework.data.redis.core.RedisHash (preferred), or consider extending one of the following types with your repository: org.springframework.data.keyvalue.repository.KeyValueRepository
2023-12-25T22:27:30.161+09:00  INFO 24318 --- [    Test worker] .RepositoryConfigurationExtensionSupport : Spring Data Redis - Could not safely identify store assignment for repository candidate interface com.example.basicpjt.repository.MemberRepository; If you want this repository to be a Redis repository, consider annotating your entities with one of these annotations: org.springframework.data.redis.core.RedisHash (preferred), or consider extending one of the following types with your repository: org.springframework.data.keyvalue.repository.KeyValueRepository
2023-12-25T22:27:30.162+09:00  INFO 24318 --- [    Test worker] .RepositoryConfigurationExtensionSupport : Spring Data Redis - Could not safely identify store assignment for repository candidate interface com.example.basicpjt.repository.ReplyRepository; If you want this repository to be a Redis repository, consider annotating your entities with one of these annotations: org.springframework.data.redis.core.RedisHash (preferred), or consider extending one of the following types with your repository: org.springframework.data.keyvalue.repository.KeyValueRepository
2023-12-25T22:27:30.164+09:00  INFO 24318 --- [    Test worker] .s.d.r.c.RepositoryConfigurationDelegate : Finished Spring Data repository scanning in 7 ms. Found 1 Redis repository interface.
2023-12-25T22:27:30.393+09:00  INFO 24318 --- [    Test worker] o.hibernate.jpa.internal.util.LogHelper  : HHH000204: Processing PersistenceUnitInfo [name: default]
2023-12-25T22:27:30.421+09:00  INFO 24318 --- [    Test worker] org.hibernate.Version                    : HHH000412: Hibernate ORM core version 6.3.1.Final
2023-12-25T22:27:30.435+09:00  INFO 24318 --- [    Test worker] o.h.c.internal.RegionFactoryInitiator    : HHH000026: Second-level cache disabled
2023-12-25T22:27:30.526+09:00  INFO 24318 --- [    Test worker] o.s.o.j.p.SpringPersistenceUnitInfo      : No LoadTimeWeaver setup: ignoring JPA class transformer
2023-12-25T22:27:30.536+09:00  INFO 24318 --- [    Test worker] com.zaxxer.hikari.HikariDataSource       : HikariPool-1 - Starting...
2023-12-25T22:27:30.569+09:00  INFO 24318 --- [    Test worker] com.zaxxer.hikari.pool.HikariPool        : HikariPool-1 - Added connection org.mariadb.jdbc.Connection@3d02ff64
2023-12-25T22:27:30.570+09:00  INFO 24318 --- [    Test worker] com.zaxxer.hikari.HikariDataSource       : HikariPool-1 - Start completed.
2023-12-25T22:27:30.965+09:00  INFO 24318 --- [    Test worker] o.h.e.t.j.p.i.JtaPlatformInitiator       : HHH000489: No JTA platform available (set 'hibernate.transaction.jta.platform' to enable JTA platform integration)
2023-12-25T22:27:30.994+09:00  INFO 24318 --- [    Test worker] j.LocalContainerEntityManagerFactoryBean : Initialized JPA EntityManagerFactory for persistence unit 'default'
2023-12-25T22:27:31.092+09:00  INFO 24318 --- [    Test worker] o.s.d.j.r.query.QueryEnhancerFactory     : Hibernate is in classpath; If applicable, HQL parser will be used.
2023-12-25T22:27:31.503+09:00  WARN 24318 --- [    Test worker] JpaBaseConfiguration$JpaWebConfiguration : spring.jpa.open-in-view is enabled by default. Therefore, database queries may be performed during view rendering. Explicitly configure spring.jpa.open-in-view to disable this warning
2023-12-25T22:27:31.570+09:00  INFO 24318 --- [    Test worker] o.s.s.web.DefaultSecurityFilterChain     : Will secure any request with [org.springframework.security.web.session.DisableEncodeUrlFilter@1a2d02d8, org.springframework.security.web.context.request.async.WebAsyncManagerIntegrationFilter@5b1378cf, org.springframework.security.web.context.SecurityContextHolderFilter@3cc3914a, org.springframework.security.web.header.HeaderWriterFilter@e8acdfc, org.springframework.web.filter.CorsFilter@49925329, org.springframework.security.web.authentication.logout.LogoutFilter@3940c41c, com.example.basicpjt.security.filter.RefreshTokenFilter@16adf66f, com.example.basicpjt.security.filter.APILoginFilter@64e41da0, com.example.basicpjt.security.filter.TokenCheckFilter@24f1d4f3, org.springframework.security.web.savedrequest.RequestCacheAwareFilter@5c39ec34, org.springframework.security.web.servletapi.SecurityContextHolderAwareRequestFilter@16433d56, org.springframework.security.web.authentication.AnonymousAuthenticationFilter@7fa1c05f, org.springframework.security.web.session.SessionManagementFilter@ef64a8f, org.springframework.security.web.access.ExceptionTranslationFilter@4bdc0fb0]
2023-12-25T22:27:31.571+09:00  INFO 24318 --- [    Test worker] c.e.b.config.CustomSecurityConfig        : ----------web configure----------
2023-12-25T22:27:31.573+09:00  WARN 24318 --- [    Test worker] o.s.s.c.a.web.builders.WebSecurity       : You are asking Spring Security to ignore org.springframework.boot.autoconfigure.security.servlet.StaticResourceRequest$StaticResourceRequestMatcher@faff2bf. This is not recommended -- please use permitAll via HttpSecurity#authorizeHttpRequests instead.
2023-12-25T22:27:31.573+09:00  INFO 24318 --- [    Test worker] o.s.s.web.DefaultSecurityFilterChain     : Will not secure org.springframework.boot.autoconfigure.security.servlet.StaticResourceRequest$StaticResourceRequestMatcher@faff2bf
2023-12-25T22:27:32.127+09:00  INFO 24318 --- [    Test worker] com.example.basicpjt.util.JWTUtilTests   : Started JWTUtilTests in 2.477 seconds (process running for 3.015)
2023-12-25T22:27:32.463+09:00  INFO 24318 --- [    Test worker] com.example.basicpjt.util.JWTUtilTests   : eyJ0eXAiOiJKV1QiLCJhbGciOiJIUzI1NiJ9.eyJleHAiOjE3MDM1MTQ0NTIsIm1pZCI6InRlc3QiLCJpYXQiOjE3MDM1MTA4NTJ9.PjJufvvuV4_N0SQGa_vFPBzsn2ftXW7DtWrrmox9Etw
]]></system-out>
  <system-err><![CDATA[]]></system-err>
</testsuite>
